
Converged in 0.40 seconds
================================================================================
|     System Summary                                                           |
================================================================================

How many?                How much?              P (MW)            Q (MVAr)
---------------------    -------------------  -------------  -----------------
Buses             73     Total Gen Capacity   14549.8       -1615.0 to 4406.0
Generators       158     On-line Capacity      9076.0       -1615.0 to 4406.0
Committed Gens    96     Generation (actual)   8714.1            1185.7
Loads             51     Load                  8550.0            1740.0
  Fixed           51       Fixed               8550.0            1740.0
  Dispatchable     0       Dispatchable          -0.0 of -0.0      -0.0
Shunts             1     Shunt (inj)             -0.0             142.7
Branches         120     Losses (I^2 * Z)       164.14           1489.10
Transformers      15     Branch Charging (inj)     -             1900.6
Inter-ties         5     Total Inter-tie Flow   331.9              23.4
Areas              3

                          Minimum                      Maximum
                 -------------------------  --------------------------------
Voltage Magnitude   0.957 p.u. @ bus 307        1.195 p.u. @ bus 106 
Voltage Angle     -30.09 deg   @ bus 307       16.46 deg   @ bus 122 
P Losses (I^2*R)             -                  9.45 MW    @ line 312-323
Q Losses (I^2*X)             -                 76.36 MVAr  @ line 312-323

================================================================================
|     Bus Data                                                                 |
================================================================================
 Bus      Voltage          Generation             Load        
  #   Mag(pu) Ang(deg)   P (MW)   Q (MVAr)   P (MW)   Q (MVAr)
----- ------- --------  --------  --------  --------  --------
  101  1.047   -8.083    168.00    -29.62    108.00     22.00 
  102  1.047   -8.148    168.00    -87.38     97.00     20.00 
  103  1.016   -7.818       -         -      180.00     37.00 
  104  1.024  -10.464       -         -       74.00     15.00 
  105  1.066  -10.656       -         -       71.00     14.00 
  106  1.195  -13.975       -         -      136.00     28.00 
  107  1.050   -3.685    355.00     21.39    125.00     25.00 
  108  1.033   -9.136       -         -      171.00     35.00 
  109  1.038   -8.396       -         -      175.00     36.00 
  110  1.112  -10.274       -         -      195.00     40.00 
  111  1.040   -4.224       -         -         -         -   
  112  1.035   -2.576       -         -         -         -   
  113  1.035    0.000*   230.17     14.82    265.00     54.00 
  114  1.044   -2.618      0.00     72.27    194.00     39.00 
  115  1.043    5.937    165.00     87.73    317.00     64.00 
  116  1.046    5.772    155.00     79.95    100.00     20.00 
  117  1.048    9.086       -         -         -         -   
  118  1.050    9.900    355.00     68.45    333.00     68.00 
  119  1.040    5.308       -         -      181.00     37.00 
  120  1.044    6.779       -         -      128.00     26.00 
  121  1.050   10.512    400.00    -21.89       -         -   
  122  1.050   16.465    300.00    -40.76       -         -   
  123  1.050    8.306    670.00      8.65       -         -   
  124  1.015    0.856       -         -         -         -   
  201  1.050  -12.281    142.00      2.91    108.00     22.00 
  202  1.050  -12.323    168.00    -28.86     97.00     20.00 
  203  1.020   -8.964       -         -      180.00     37.00 
  204  1.018  -14.220       -         -       74.00     15.00 
  205  1.048  -14.708       -         -       71.00     14.00 
  206  1.103  -17.436       -         -      136.00     28.00 
  207  0.970  -21.841    110.00     25.28    125.00     25.00 
  208  0.972  -21.274       -         -      171.00     35.00 
  209  1.026  -11.761       -         -      175.00     36.00 
  210  1.072  -14.117       -         -      195.00     40.00 
  211  1.034   -6.034       -         -         -         -   
  212  1.025   -4.273       -         -         -         -   
  213  1.050   -0.469    465.00    124.95    265.00     54.00 
  214  1.050   -4.176      0.00    110.38    194.00     39.00 
  215  1.044    4.723    260.00     84.22    317.00     64.00 
  216  1.047    4.643    155.00     79.84    100.00     20.00 
  217  1.049    8.049       -         -         -         -   
  218  1.050    8.873    355.00     60.32    333.00     68.00 
  219  1.040    4.397       -         -      181.00     37.00 
  220  1.044    6.058       -         -      128.00     26.00 
  221  1.050    9.488    296.97     -7.68       -         -   
  222  1.050   15.435    300.00    -41.84       -         -   
  223  1.050    7.689    726.00     -7.20       -         -   
  224  1.018   -0.347       -         -         -         -   
  301  1.050  -23.092    104.00     29.32    108.00     22.00 
  302  1.050  -23.155    126.00     -9.22     97.00     20.00 
  303  1.001  -17.605       -         -      180.00     37.00 
  304  1.011  -23.503       -         -       74.00     15.00 
  305  1.043  -24.214       -         -       71.00     14.00 
  306  1.095  -26.259       -         -      136.00     28.00 
  307  0.957  -30.094    110.00     25.26    125.00     25.00 
  308  0.959  -29.512       -         -      171.00     35.00 
  309  1.013  -19.667       -         -      175.00     36.00 
  310  1.062  -22.266       -         -      195.00     40.00 
  311  1.024  -12.946       -         -         -         -   
  312  1.010  -11.179       -         -         -         -   
  313  1.035   -7.727    355.00    120.72    265.00     54.00 
  314  1.050   -9.736      0.00    151.69    194.00     39.00 
  315  1.042    1.449    190.00    125.86    317.00     64.00 
  316  1.045    1.096    155.00     79.23    100.00     20.00 
  317  1.047    5.056       -         -         -         -   
  318  1.050    6.155    355.00     63.25    333.00     68.00 
  319  1.039    0.770       -         -      181.00     37.00 
  320  1.044    2.365       -         -      128.00     26.00 
  321  1.050    6.845    355.00     -3.56       -         -   
  322  1.050   12.871    310.00    -39.96       -         -   
  323  1.050    3.959    710.00     67.20       -         -   
  324  1.001   -5.506       -         -         -         -   
  325  1.049    4.504       -         -         -         -   
                        --------  --------  --------  --------
               Total:   8714.14   1185.73   8550.00   1740.00

================================================================================
|     Branch Data                                                              |
================================================================================
Brnch   From   To    From Bus Injection   To Bus Injection     Loss (I^2 * Z)  
  #     Bus    Bus    P (MW)   Q (MVAr)   P (MW)   Q (MVAr)   P (MW)   Q (MVAr)
-----  -----  -----  --------  --------  --------  --------  --------  --------
   1    101    102      8.75    -26.38     -8.74    -24.12     0.002      0.01
   2    101    103      1.51     11.62     -1.40    -17.26     0.110      0.42
   3    101    105     49.74    -36.86    -48.99     37.20     0.751      2.90
   4    102    104     36.68      8.13    -36.25    -10.10     0.435      1.68
   5    102    106     43.06    -91.38    -38.64    101.81     4.423     16.99
   6    103    109      3.88    -21.12     -3.76     18.20     0.118      0.45
   7    103    124   -182.48      1.39    183.15     26.51     0.664     27.90
   8    104    109    -37.75     -4.90     38.12      3.35     0.370      1.43
   9    105    110    -22.01    -51.20     22.61     50.65     0.600      2.30
  10    106    110    -97.36     12.92    101.77   -321.28     4.412     19.22
  11    107    108    167.26     -6.99   -163.20     20.65     4.065     15.50
  12    107    203     62.74      3.39    -61.23     -2.30     1.512      5.80
  13    108    109     -8.64     -3.39      8.67     -1.31     0.030      0.12
  14    108    110      0.84    -52.26      0.17     50.92     1.003      3.85
  15    109    111    -91.52    -32.69     91.70     40.50     0.186      7.81
  16    109    112   -126.51    -23.55    126.84     37.25     0.326     13.70
  17    110    111   -140.92     84.27    141.37    -65.41     0.449     18.86
  18    110    112   -178.63     95.45    179.31    -66.75     0.683     28.69
  19    111    113   -160.47     31.26    161.98    -29.98     1.504     12.03
  20    111    114    -72.60     -6.35     72.84     -1.16     0.244      2.05
  21    112    113    -98.32     10.30     98.88    -16.57     0.555      4.44
  22    112    123   -207.83     19.21    212.77     -1.36     4.938     39.91
  23    113    123   -178.20      7.69    181.49     -1.42     3.294     26.05
  24    113    215   -117.49     -0.32    118.78     -7.03     1.295      9.72
  25    114    116   -266.84     34.42    270.18     -4.02     3.335     39.36
  26    115    116     15.79    -24.03    -15.78     20.22     0.014      0.12
  27    115    121   -176.62      7.83    178.35     -4.97     1.731     14.14
  28    115    121   -176.62      7.83    178.35     -4.97     1.731     14.14
  29    115    124    185.45     32.11   -183.15    -26.51     2.307     17.14
  30    116    117   -240.85     22.84    242.46    -14.93     1.609     13.94
  31    116    119     41.45     20.91    -41.38    -25.76     0.062      0.48
  32    117    118   -111.10      2.55    111.33     -4.27     0.225      1.57
  33    117    122   -131.35     12.39    133.63    -19.65     2.275     17.06
  34    118    121    -44.66      2.36     44.72     -7.95     0.055      0.48
  35    118    121    -44.66      2.36     44.72     -7.95     0.055      0.48
  36    119    120    -69.81     -5.62     70.03     -1.58     0.225      1.80
  37    119    120    -69.81     -5.62     70.03     -1.58     0.225      1.80
  38    120    123   -134.03    -11.42    134.53     10.02     0.497      3.64
  39    120    123   -134.03    -11.42    134.53     10.02     0.497      3.64
  40    121    122   -164.10     22.63    166.37    -21.11     2.274     17.18
  41    123    217      6.68     -8.61     -6.68     -8.44     0.004      0.03
  42    201    202      5.45    -26.58     -5.45    -24.24     0.001      0.00
  43    201    203    -23.70     18.66     24.22    -22.78     0.517      1.98
  44    201    205     52.25    -11.17    -51.69     10.82     0.564      2.18
  45    202    204     32.59     16.29    -32.17    -18.32     0.417      1.60
  46    202    206     43.86    -40.90    -42.33     40.74     1.528      5.87
  47    203    209     39.36    -15.31    -38.84     13.95     0.517      1.98
  48    203    224   -182.35      3.40    183.01     24.25     0.658     27.65
  49    204    209    -41.83      3.32     42.29     -4.47     0.461      1.78
  50    205    210    -19.31    -24.82     19.50     22.86     0.194      0.74
  51    206    210    -93.67    -68.74     95.43   -214.48     1.762      7.68
  52    207    208    -15.00      0.28     15.04     -1.73     0.038      0.15
  53    208    209    -99.17      0.36    103.65     12.34     4.481     17.19
  54    208    210    -86.87    -33.63     90.76     43.84     3.889     14.92
  55    209    211   -123.22    -36.84    123.55     50.86     0.334     14.02
  56    209    212   -158.87    -20.98    159.39     42.74     0.518     21.76
  57    210    211   -181.80     44.70    182.43    -18.31     0.628     26.39
  58    210    212   -218.90     63.07    219.83    -24.00     0.930     39.08
  59    211    213   -218.91     -1.03    221.60     11.68     2.689     21.51
  60    211    214    -87.07    -31.51     87.46     25.21     0.388      3.26
  61    212    213   -152.42    -34.09    153.79     34.31     1.373     10.99
  62    212    223   -226.81     15.35    232.76     10.89     5.950     48.09
  63    213    223   -175.39     24.97    178.58    -19.79     3.191     25.24
  64    214    216   -281.46     46.17    285.16    -11.42     3.709     43.77
  65    215    216      6.30    -24.80     -6.29     20.95     0.010      0.09
  66    215    221   -183.69     11.19    185.57     -7.17     1.874     15.31
  67    215    221   -183.69     11.19    185.57     -7.17     1.874     15.31
  68    215    224    185.30     29.67   -183.01    -24.25     2.288     17.00
  69    216    217   -247.92     24.51    249.62    -15.80     1.702     14.75
  70    216    219     24.05     25.80    -24.01    -30.85     0.038      0.29
  71    217    218   -111.46     10.75    111.69    -12.46     0.228      1.60
  72    217    222   -131.49     13.49    133.77    -20.73     2.281     17.11
  73    218    221    -44.85      2.39     44.90     -7.97     0.056      0.48
  74    218    221    -44.85      2.39     44.90     -7.97     0.056      0.48
  75    219    220    -78.49     -3.08     78.78     -3.66     0.285      2.28
  76    219    220    -78.49     -3.08     78.78     -3.66     0.285      2.28
  77    220    223   -142.78     -9.34    143.34      8.42     0.562      4.12
  78    220    223   -142.78     -9.34    143.34      8.42     0.562      4.12
  79    221    222   -163.96     22.60    166.23    -21.10     2.270     17.15
  80    301    302      8.26    -27.18     -8.26    -23.64     0.002      0.01
  81    301    303    -38.09     33.47     39.48    -34.12     1.392      5.34
  82    301    305     25.83      1.03    -25.69     -3.03     0.134      0.52
  83    302    304     12.66     27.33    -12.36    -29.77     0.303      1.17
  84    302    306     24.60    -32.91    -23.91     29.55     0.684      2.63
  85    303    309     26.41    -17.87    -26.11     15.76     0.298      1.14
  86    303    324   -245.89     14.99    247.14     37.43     1.248     52.41
  87    304    309    -61.64     14.77     62.72    -13.50     1.074      4.14
  88    305    310    -45.31    -10.97     45.76     10.05     0.454      1.74
  89    306    310   -112.09    -57.55    114.50   -217.91     2.410     10.50
  90    307    308    -15.00      0.26     15.04     -1.67     0.040      0.15
  91    308    309    -99.78      1.17    104.44     12.34     4.662     17.89
  92    308    310    -86.26    -34.50     90.24     45.14     3.974     15.25
  93    309    311   -141.18    -36.29    141.62     54.75     0.440     18.46
  94    309    312   -174.87    -14.32    175.50     41.06     0.637     26.74
  95    310    311   -205.38     48.87    206.19    -14.66     0.815     34.22
  96    310    312   -240.12     73.85    241.27    -25.39     1.154     48.45
  97    311    313   -199.51      5.79    201.79      1.88     2.284     18.27
  98    311    314   -148.29    -45.88    149.42     45.90     1.129      9.49
  99    312    313   -135.10    -36.59    136.23     35.18     1.132      9.05
 100    312    323   -281.68     20.92    291.13     33.89     9.446     76.36
 101    313    323   -248.02     29.66    254.50      1.78     6.476     51.22
 102    314    316   -343.42     66.79    349.00     -9.95     5.579     65.84
 103    315    316     36.99    -22.74    -36.95     19.10     0.033      0.28
 104    315    321   -207.73     13.15    210.13     -4.80     2.403     19.63
 105    315    321   -207.73     13.15    210.13     -4.80     2.403     19.63
 106    315    324    251.48     58.30   -247.14    -37.43     4.341     32.25
 107    316    317   -286.90     29.81    289.19    -15.97     2.291     19.86
 108    316    319     29.84     20.28    -29.81    -25.30     0.039      0.30
 109    317    318   -150.18      2.35    150.59     -2.77     0.411      2.88
 110    317    322   -139.01     13.62    141.56    -18.80     2.550     19.13
 111    318    321    -50.35      3.09     50.42     -8.54     0.070      0.61
 112    318    321    -50.35      3.09     50.42     -8.54     0.070      0.61
 113    319    320    -75.60     -5.85     75.86     -1.03     0.265      2.12
 114    319    320    -75.60     -5.85     75.86     -1.03     0.265      2.12
 115    320    323   -139.86    -11.97    140.40     10.90     0.541      3.97
 116    320    323   -139.86    -11.97    140.40     10.90     0.541      3.97
 117    321    322   -166.11     23.12    168.44    -21.16     2.331     17.61
 118    325    121   -116.43      8.62    117.95    -18.69     1.520     12.29
 119    318    223    -27.89     -8.15     27.98    -15.14     0.093      0.75
 120    323    325   -116.43      9.73    116.43     -8.62    -0.000      1.11
                                                             --------  --------
                                                    Total:   164.138   1489.10
