================================================================================
|     Branch Data                                                              |
================================================================================
Brnch   From   To    From Bus Injection   To Bus Injection     Loss (I^2 * Z)
  #     Bus    Bus    P (MW)   Q (MVAr)   P (MW)   Q (MVAr)   P (MW)   Q (MVAr)
-----  -----  -----  --------  --------  --------  --------  --------  --------
   1    101    102      7.84    -26.64     -7.84    -23.87     0.002      0.01
   2    101    103     -0.58     14.64      0.73    -20.07     0.159      0.61
   3    101    105     52.74      0.20    -52.18     -0.54     0.559      2.16
   4    102    104     34.94     13.74    -34.50    -15.66     0.441      1.70
   5    102    106     43.90     -4.73    -43.02      2.49     0.881      3.38
   6    103    109      3.67    -15.57     -3.61     12.49     0.063      0.24
   7    103    124   -184.41     -1.36    185.09     30.13     0.685     28.77
   8    104    109    -39.50      0.66     39.91     -2.01     0.408      1.57
   9    105    110    -18.82    -13.46     18.93     11.27     0.108      0.41
  10    106    110    -92.98   -137.08     94.12   -124.56     1.140      4.97
  11    107    108    168.71     19.74   -164.51     -5.57     4.193     15.98
  12    107    203     61.29      4.77    -59.84     -3.92     1.451      5.56
  13    108    109    -10.60     -5.60     10.65      1.10     0.051      0.20
  14    108    110      4.11    -23.83     -3.91     19.79     0.199      0.77
  15    109    111    -93.72    -30.20     93.91     38.40     0.195      8.20
  16    109    112   -128.23    -17.37    128.57     31.53     0.337     14.16
  17    110    111   -134.37     19.55    134.72     -5.08     0.345     14.47
  18    110    112   -169.77     33.95    170.33    -10.42     0.560     23.53
  19    111    113   -156.55      3.59    157.94     -3.03     1.398     11.19
  20    111    114    -72.08    -36.91     72.38     29.96     0.296      2.48
  21    112    113    -94.16    -23.44     94.69     17.14     0.531      4.25
  22    112    123   -204.74      2.33    209.60     15.19     4.857     39.26
  23    113    123   -179.70      8.09    183.05     -1.37     3.351     26.50
  24    113    215   -117.94     -0.20    119.24     -7.07     1.306      9.79
  25    114    116   -266.38     34.36    269.70     -4.10     3.323     39.22
  26    115    116     14.60    -24.03    -14.58     20.21     0.013      0.11
  27    115    121   -177.03      7.88    178.77     -4.95     1.739     14.20
  28    115    121   -177.03      7.88    178.77     -4.95     1.739     14.20
  29    115    124    187.47     36.27   -185.09    -30.13     2.377     17.66
  30    116    117   -240.85     22.87    242.46    -14.96     1.609     13.94
  31    116    119     40.73     21.02    -40.67    -25.89     0.061      0.47
  32    117    118   -111.10      2.57    111.33     -4.29     0.225      1.57
  33    117    122   -131.35     12.39    133.63    -19.66     2.275     17.06
  34    118    121    -44.66      2.36     44.72     -7.95     0.055      0.48
  35    118    121    -44.66      2.36     44.72     -7.95     0.055      0.48
  36    119    120    -70.16     -5.56     70.39     -1.63     0.228      1.82
  37    119    120    -70.16     -5.56     70.39     -1.63     0.228      1.82
  38    120    123   -134.39    -11.37    134.89      9.99     0.499      3.66
  39    120    123   -134.39    -11.37    134.89      9.99     0.499      3.66
  40    121    122   -164.10     22.63    166.37    -21.11     2.274     17.18
  41    123    217      7.57     -8.73     -7.56     -8.31     0.005      0.04
  42    201    202      5.23    -26.53     -5.23    -24.29     0.001      0.00
  43    201    203    -24.84     19.93     25.41    -23.83     0.573      2.20
  44    201    205     53.61      6.34    -53.02     -6.57     0.585      2.26
  45    202    204     31.49     19.07    -31.06    -21.05     0.428      1.65
  46    202    206     44.74     -0.50    -43.83     -1.62     0.911      3.50
  47    203    209     38.79    -12.08    -38.31     10.60     0.482      1.85
  48    203    224   -184.37      2.83    185.04     25.53     0.675     28.36
  49    204    209    -42.94      6.05     43.44     -7.03     0.498      1.92
  50    205    210    -17.98     -7.43     18.06      5.14     0.078      0.30
  51    206    210    -92.17   -131.96     93.29   -126.64     1.127      4.91
  52    207    208    -15.00     13.00     15.07    -14.32     0.071      0.27
  53    208    209   -101.32      0.22    106.08     13.59     4.755     18.25
  54    208    210    -84.75    -20.90     88.24     29.75     3.489     13.39
  55    209    211   -125.38    -35.41    125.73     49.95     0.346     14.54
  56    209    212   -160.82    -17.75    161.35     40.18     0.534     22.42
  57    210    211   -179.30     15.98    179.91      9.81     0.614     25.79
  58    210    212   -215.29     35.77    216.19      2.14     0.902     37.90
  59    211    213   -218.99    -13.72    221.72     24.72     2.725     21.80
  60    211    214    -86.65    -46.05     87.08     40.21     0.436      3.66
  61    212    213   -152.10    -49.66    153.55     50.60     1.455     11.64
  62    212    223   -225.45      7.35    231.38     18.84     5.925     47.89
  63    213    223   -175.27     24.93    178.46    -19.79     3.187     25.21
  64    214    216   -281.08     46.08    284.78    -11.44     3.699     43.65
  65    215    216      4.47    -24.75     -4.46     20.90     0.010      0.08
  66    215    221   -184.05     11.21    185.93     -7.13     1.882     15.37
  67    215    221   -184.05     11.21    185.93     -7.13     1.882     15.37
  68    215    224    187.39     31.39   -185.04    -25.53     2.346     17.43
  69    216    217   -248.08     24.54    249.78    -15.82     1.704     14.77
  70    216    219     22.76     26.00    -22.72    -31.06     0.037      0.28
  71    217    218   -110.83     10.66    111.05    -12.39     0.226      1.58
  72    217    222   -131.39     13.47    133.67    -20.73     2.278     17.09
  73    218    221    -44.53      2.35     44.58     -7.93     0.055      0.47
  74    218    221    -44.53      2.35     44.58     -7.93     0.055      0.47
  75    219    220    -79.14     -2.97     79.43     -3.73     0.289      2.32
  76    219    220    -79.14     -2.97     79.43     -3.73     0.289      2.32
  77    220    223   -143.43     -9.27    144.00      8.39     0.567      4.16
  78    220    223   -143.43     -9.27    144.00      8.39     0.567      4.16
  79    221    222   -164.06     22.62    166.33    -21.11     2.273     17.17
  80    301    302      8.64    -27.26     -8.64    -23.56     0.002      0.01
  81    301    303    -39.85     35.56     41.39    -35.64     1.540      5.91
  82    301    305     27.21     18.67    -26.98    -20.28     0.227      0.88
  83    302    304     11.14     30.50    -10.79    -32.75     0.351      1.35
  84    302    306     26.50      7.36    -26.14    -11.52     0.366      1.41
  85    303    309     26.13    -15.28    -25.86     13.10     0.271      1.04
  86    303    324   -247.52     13.91    248.80     39.47     1.271     53.39
  87    304    309    -63.21     17.75     64.37    -16.11     1.161      4.47
  88    305    310    -44.02      6.28     44.45     -7.17     0.434      1.66
  89    306    310   -109.86   -120.44    111.50   -131.32     1.633      7.11
  90    307    308    -15.00     13.00     15.07    -14.27     0.072      0.28
  91    308    309   -101.87      1.22    106.82     13.43     4.943     18.97
  92    308    310    -84.20    -21.95     87.76     31.19     3.562     13.67
  93    309    311   -143.49    -35.07    143.95     54.24     0.457     19.18
  94    309    312   -176.84    -11.35    177.49     38.94     0.657     27.60
  95    310    311   -202.58     20.55    203.38     13.11     0.801     33.66
  96    310    312   -236.13     46.75    237.25      0.29     1.120     47.04
  97    311    313   -199.55     -7.01    201.85     14.91     2.305     18.44
  98    311    314   -147.78    -60.35    148.98     61.05     1.204     10.11
  99    312    313   -134.86    -52.10    136.08     51.46     1.218      9.74
 100    312    323   -279.89     12.86    289.30     41.86     9.416     76.11
 101    313    323   -247.93     29.63    254.40      1.77     6.471     51.18
 102    314    316   -342.98     66.58    348.55     -9.92     5.564     65.66
 103    315    316     35.64    -23.15    -35.61     19.50     0.032      0.27
 104    315    321   -207.93     13.10    210.33     -4.71     2.408     19.66
 105    315    321   -207.93     13.10    210.33     -4.71     2.408     19.66
 106    315    324    253.22     60.95   -248.80    -39.47     4.421     32.84
 107    316    317   -286.69     29.89    288.98    -16.08     2.288     19.83
 108    316    319     28.76     20.53    -28.72    -25.56     0.038      0.29
 109    317    318   -150.01      2.45    150.42     -2.88     0.411      2.87
 110    317    322   -138.97     13.63    141.52    -18.82     2.549     19.12
 111    318    321    -50.17      3.06     50.24     -8.52     0.070      0.60
 112    318    321    -50.17      3.06     50.24     -8.52     0.070      0.60
 113    319    320    -76.14     -5.72     76.41     -1.13     0.269      2.15
 114    319    320    -76.14     -5.72     76.41     -1.13     0.269      2.15
 115    320    323   -140.41    -11.87    140.96     10.83     0.545      4.00
 116    320    323   -140.41    -11.87    140.96     10.83     0.545      4.00
 117    321    322   -166.15     23.13    168.48    -21.16     2.332     17.62
 118    325    121   -115.62      8.45    117.11    -18.69     1.499     12.12
 119    318    223    -28.08     -8.12     28.18    -15.15     0.095      0.76
 120    323    325   -115.62      9.54    115.62     -8.45     0.000      1.10
                                                             --------  --------
                                                    Total:   153.966   1442.61
