01:22:45 helpers INFO 
         diff_vm_pu  diff_va_degree
count  7.000000e+01       70.000000
mean   9.616626e-04       -0.710658
std    2.262442e-02        5.113001
min   -5.605130e-02      -11.158009
25%   -6.352462e-03       -3.670200
50%   -1.110223e-16       -0.705899
75%    8.239199e-03        2.493118
max    6.320000e-02        9.558145
01:22:45 helpers INFO 
       diff_from_p_mw  diff_to_p_mw  diff_from_q_mvar  diff_to_q_mvar  \
count      104.000000    104.000000        104.000000      104.000000   
mean        10.710096    -10.630446          1.244949       -4.828492   
std        140.190393    141.260261         43.642085       42.501242   
min       -351.450820   -368.145957       -138.302294     -139.714615   
25%        -85.916926   -104.103257        -20.651198      -22.737761   
50%          3.210825     -3.291498          2.856728       -7.892785   
75%        102.376027     87.162880         25.092871       15.305530   
max        367.173021    351.373736        141.856417      145.481271   

       diff_loss_p  
count   104.000000  
mean      0.079833  
std       2.440488  
min      -8.870463  
25%      -1.074333  
50%       0.161708  
75%       0.998795  
max       9.050027  
01:22:45 helpers WARNING found shunt in net (not supported by pypsa converter!!!)
01:22:45 pypsa.io WARNING Warning: Importing from pandapower is still in beta; not all pandapower data is supported.
Unsupported features include: three-winding transformers, switches, in_service status, shunt impedances and tap positions of transformers.
01:22:45 helpers INFO Validation successfull. No difference between pandapower and pypsa
01:22:46 pypsa.linopf INFO Prepare linear problem
01:22:46 pypsa.linopf INFO Total preparation time: 0.33s
01:22:46 pypsa.linopf INFO Solve linear problem using Gurobi solver
01:22:46 pypsa.linopf INFO Optimization successful. Objective value: 8.08e+08
01:22:46 __main__ INFO 
 Index(['now'], dtype='object', name='snapshot')
01:22:46 __main__ INFO 
 Empty DataFrame
Columns: [type, investment_period, carrier_attribute, sense, constant, mu]
Index: []
01:22:46 __main__ INFO 
 Empty DataFrame
Columns: [co2_emissions, color, nice_name, max_growth]
Index: []
01:22:46 __main__ INFO 
             p_set      q_set bus control type  p_nom  p_nom_extendable  p_nom_min  p_nom_max  p_min_pu  p_max_pu  sign carrier  marginal_cost  build_year  lifetime  capital_cost  efficiency  committable  start_up_cost  shut_down_cost  min_up_time  min_down_time  up_time_before  down_time_before  ramp_limit_up  ramp_limit_down  ramp_limit_start_up  ramp_limit_shut_down     p_nom_opt
Generator                                                                                                                                                                                                                                                                                                                                                                                       
0            8.00   0.000000   0      PV         0.0              True        0.0        inf       0.0       1.0   1.0    OCGT      58.384615           0      30.0  47234.561404         1.0        False            0.0             0.0            0              0               1                 0            NaN              NaN                  1.0                   1.0  0.000000e+00
1            8.00   0.000000   1      PV         0.0              True        0.0        inf       0.0       1.0   1.0    OCGT      58.384615           0      30.0  47234.561404         1.0        False            0.0             0.0            0              0               1                 0            NaN              NaN                  1.0                   1.0  0.000000e+00
2          355.00   0.000000   6      PV         0.0              True        0.0        inf       0.0       1.0   1.0    OCGT      58.384615           0      30.0  47234.561404         1.0        False            0.0             0.0            0              0               1                 0            NaN              NaN                  1.0                   1.0  6.488669e+02
3            5.00   0.000000  14      PV         0.0              True        0.0        inf       0.0       1.0   1.0    OCGT      58.384615           0      30.0  47234.561404         1.0        False            0.0             0.0            0              0               1                 0            NaN              NaN                  1.0                   1.0  8.651372e+02
4          155.00   0.000000  15      PV         0.0              True        0.0        inf       0.0       1.0   1.0    OCGT      58.384615           0      30.0  47234.561404         1.0        False            0.0             0.0            0              0               1                 0            NaN              NaN                  1.0                   1.0  5.620000e+02
5          355.00   0.000000  17      PV         0.0              True        0.0        inf       0.0       1.0   1.0    OCGT      58.384615           0      30.0  47234.561404         1.0        False            0.0             0.0            0              0               1                 0            NaN              NaN                  1.0                   1.0  6.660000e+02
6          155.00   0.000000  22      PV         0.0              True        0.0        inf       0.0       1.0   1.0    OCGT      58.384615           0      30.0  47234.561404         1.0        False            0.0             0.0            0              0               1                 0            NaN              NaN                  1.0                   1.0  0.000000e+00
7            8.00   0.000000  24      PV         0.0              True        0.0        inf       0.0       1.0   1.0    OCGT      58.384615           0      30.0  47234.561404         1.0        False            0.0             0.0            0              0               1                 0            NaN              NaN                  1.0                   1.0  5.155769e+02
8            8.00   0.000000  25      PV         0.0              True        0.0        inf       0.0       1.0   1.0    OCGT      58.384615           0      30.0  47234.561404         1.0        False            0.0             0.0            0              0               1                 0            NaN              NaN                  1.0                   1.0  0.000000e+00
9           55.00   0.000000  30      PV         0.0              True        0.0        inf       0.0       1.0   1.0    OCGT      58.384615           0      30.0  47234.561404         1.0        False            0.0             0.0            0              0               1                 0            NaN              NaN                  1.0                   1.0  6.244716e+02
10         355.00   0.000000  36      PV         0.0              True        0.0        inf       0.0       1.0   1.0    OCGT      58.384615           0      30.0  47234.561404         1.0        False            0.0             0.0            0              0               1                 0            NaN              NaN                  1.0                   1.0  8.874815e+02
11          55.00   0.000000  38      PV         0.0              True        0.0        inf       0.0       1.0   1.0    OCGT      58.384615           0      30.0  47234.561404         1.0        False            0.0             0.0            0              0               1                 0            NaN              NaN                  1.0                   1.0  0.000000e+00
12         155.00   0.000000  39      PV         0.0              True        0.0        inf       0.0       1.0   1.0    OCGT      58.384615           0      30.0  47234.561404         1.0        False            0.0             0.0            0              0               1                 0            NaN              NaN                  1.0                   1.0  5.620000e+02
13         355.00   0.000000  41      PV         0.0              True        0.0        inf       0.0       1.0   1.0    OCGT      58.384615           0      30.0  47234.561404         1.0        False            0.0             0.0            0              0               1                 0            NaN              NaN                  1.0                   1.0  6.660000e+02
14         296.97   0.000000  44      PV         0.0              True        0.0        inf       0.0       1.0   1.0    OCGT      58.384615           0      30.0  47234.561404         1.0        False            0.0             0.0            0              0               1                 0            NaN              NaN                  1.0                   1.0  2.965995e-09
15         155.00   0.000000  46      PV         0.0              True        0.0        inf       0.0       1.0   1.0    OCGT      58.384615           0      30.0  47234.561404         1.0        False            0.0             0.0            0              0               1                 0            NaN              NaN                  1.0                   1.0  2.123598e+02
16           8.00   0.000000  48      PV         0.0              True        0.0        inf       0.0       1.0   1.0    OCGT      58.384615           0      30.0  47234.561404         1.0        False            0.0             0.0            0              0               1                 0            NaN              NaN                  1.0                   1.0  5.249199e+02
17           8.00   0.000000  49      PV         0.0              True        0.0        inf       0.0       1.0   1.0    OCGT      58.384615           0      30.0  47234.561404         1.0        False            0.0             0.0            0              0               1                 0            NaN              NaN                  1.0                   1.0  0.000000e+00
18          55.00   0.000000  54      PV         0.0              True        0.0        inf       0.0       1.0   1.0    OCGT      58.384615           0      30.0  47234.561404         1.0        False            0.0             0.0            0              0               1                 0            NaN              NaN                  1.0                   1.0  5.661915e+02
19         355.00   0.000000  60      PV         0.0              True        0.0        inf       0.0       1.0   1.0    OCGT      58.384615           0      30.0  47234.561404         1.0        False            0.0             0.0            0              0               1                 0            NaN              NaN                  1.0                   1.0  9.420950e+02
20           5.00   0.000000  62      PV         0.0              True        0.0        inf       0.0       1.0   1.0    OCGT      58.384615           0      30.0  47234.561404         1.0        False            0.0             0.0            0              0               1                 0            NaN              NaN                  1.0                   1.0  0.000000e+00
21         155.00   0.000000  63      PV         0.0              True        0.0        inf       0.0       1.0   1.0    OCGT      58.384615           0      30.0  47234.561404         1.0        False            0.0             0.0            0              0               1                 0            NaN              NaN                  1.0                   1.0  5.620000e+02
22         355.00   0.000000  65      PV         0.0              True        0.0        inf       0.0       1.0   1.0    OCGT      58.384615           0      30.0  47234.561404         1.0        False            0.0             0.0            0              0               1                 0            NaN              NaN                  1.0                   1.0  8.249423e+02
23         355.00   0.000000  68      PV         0.0              True        0.0        inf       0.0       1.0   1.0    OCGT      58.384615           0      30.0  47234.561404         1.0        False            0.0             0.0            0              0               1                 0            NaN              NaN                  1.0                   1.0  2.914013e-09
24          55.00   0.000000  69      PV         0.0              True        0.0        inf       0.0       1.0   1.0    OCGT      58.384615           0      30.0  47234.561404         1.0        False            0.0             0.0            0              0               1                 0            NaN              NaN                  1.0                   1.0  0.000000e+00
25         355.00   0.000000  70      PV         0.0              True        0.0        inf       0.0       1.0   1.0    OCGT      58.384615           0      30.0  47234.561404         1.0        False            0.0             0.0            0              0               1                 0            NaN              NaN                  1.0                   1.0  3.867384e+02
26           0.00   0.000000  13      PV         0.0              True        0.0        inf       0.0       1.0   1.0    OCGT      58.384615           0      30.0  47234.561404         1.0        False            0.0             0.0            0              0               1                 0            NaN              NaN                  1.0                   1.0  6.882128e+02
27         400.00   0.000000  20      PV         0.0              True        0.0        inf       0.0       1.0   1.0    OCGT      58.384615           0      30.0  47234.561404         1.0        False            0.0             0.0            0              0               1                 0            NaN              NaN                  1.0                   1.0  5.266019e-09
28          50.00   0.000000  21      PV         0.0              True        0.0        inf       0.0       1.0   1.0    OCGT      58.384615           0      30.0  47234.561404         1.0        False            0.0             0.0            0              0               1                 0            NaN              NaN                  1.0                   1.0  0.000000e+00
29           0.00   0.000000  37      PV         0.0              True        0.0        inf       0.0       1.0   1.0    OCGT      58.384615           0      30.0  47234.561404         1.0        False            0.0             0.0            0              0               1                 0            NaN              NaN                  1.0                   1.0  6.614477e+02
30          50.00   0.000000  45      PV         0.0              True        0.0        inf       0.0       1.0   1.0    OCGT      58.384615           0      30.0  47234.561404         1.0        False            0.0             0.0            0              0               1                 0            NaN              NaN                  1.0                   1.0  0.000000e+00
31           0.00   0.000000  61      PV         0.0              True        0.0        inf       0.0       1.0   1.0    OCGT      58.384615           0      30.0  47234.561404         1.0        False            0.0             0.0            0              0               1                 0            NaN              NaN                  1.0                   1.0  6.882128e+02
32           8.00   4.667501   0      PQ         0.0              True        0.0        inf       0.0       1.0   1.0    OCGT      58.384615           0      30.0  47234.561404         1.0        False            0.0             0.0            0              0               1                 0            NaN              NaN                  1.0                   1.0  5.249199e+02
33          76.00   0.671256   0      PQ         0.0              True        0.0        inf       0.0       1.0   1.0    OCGT      58.384615           0      30.0  47234.561404         1.0        False            0.0             0.0            0              0               1                 0            NaN              NaN                  1.0                   1.0  0.000000e+00
34          76.00   0.671256   0      PQ         0.0              True        0.0        inf       0.0       1.0   1.0    OCGT      58.384615           0      30.0  47234.561404         1.0        False            0.0             0.0            0              0               1                 0            NaN              NaN                  1.0                   1.0  0.000000e+00
35           8.00   4.204539   1      PQ         0.0              True        0.0        inf       0.0       1.0   1.0    OCGT      58.384615           0      30.0  47234.561404         1.0        False            0.0             0.0            0              0               1                 0            NaN              NaN                  1.0                   1.0  0.000000e+00
36          76.00  -1.875033   1      PQ         0.0              True        0.0        inf       0.0       1.0   1.0    OCGT      58.384615           0      30.0  47234.561404         1.0        False            0.0             0.0            0              0               1                 0            NaN              NaN                  1.0                   1.0  0.000000e+00
37          76.00  -1.875033   1      PQ         0.0              True        0.0        inf       0.0       1.0   1.0    OCGT      58.384615           0      30.0  47234.561404         1.0        False            0.0             0.0            0              0               1                 0            NaN              NaN                  1.0                   1.0  4.987051e+02
38          55.00  19.017851  12      PQ         0.0              True        0.0        inf       0.0       1.0   1.0    OCGT      58.384615           0      30.0  47234.561404         1.0        False            0.0             0.0            0              0               1                 0            NaN              NaN                  1.0                   1.0  0.000000e+00
39          55.00  19.017851  12      PQ         0.0              True        0.0        inf       0.0       1.0   1.0    OCGT      58.384615           0      30.0  47234.561404         1.0        False            0.0             0.0            0              0               1                 0            NaN              NaN                  1.0                   1.0  0.000000e+00
40          55.00  19.017851  12      PQ         0.0              True        0.0        inf       0.0       1.0   1.0    OCGT      58.384615           0      30.0  47234.561404         1.0        False            0.0             0.0            0              0               1                 0            NaN              NaN                  1.0                   1.0  9.420950e+02
41           5.00   6.008512  14      PQ         0.0              True        0.0        inf       0.0       1.0   1.0    OCGT      58.384615           0      30.0  47234.561404         1.0        False            0.0             0.0            0              0               1                 0            NaN              NaN                  1.0                   1.0  0.000000e+00
42         155.00  80.184432  14      PQ         0.0              True        0.0        inf       0.0       1.0   1.0    OCGT      58.384615           0      30.0  47234.561404         1.0        False            0.0             0.0            0              0               1                 0            NaN              NaN                  1.0                   1.0  0.000000e+00
43         350.00  37.375665  22      PQ         0.0              True        0.0        inf       0.0       1.0   1.0    OCGT      58.384615           0      30.0  47234.561404         1.0        False            0.0             0.0            0              0               1                 0            NaN              NaN                  1.0                   1.0  0.000000e+00
44          55.00  -2.881299  22      PQ         0.0              True        0.0        inf       0.0       1.0   1.0    OCGT      58.384615           0      30.0  47234.561404         1.0        False            0.0             0.0            0              0               1                 0            NaN              NaN                  1.0                   1.0  0.000000e+00
45          55.00  -2.881299  22      PQ         0.0              True        0.0        inf       0.0       1.0   1.0    OCGT      58.384615           0      30.0  47234.561404         1.0        False            0.0             0.0            0              0               1                 0            NaN              NaN                  1.0                   1.0  3.867384e+02
46          55.00  -2.881299  22      PQ         0.0              True        0.0        inf       0.0       1.0   1.0    OCGT      58.384615           0      30.0  47234.561404         1.0        False            0.0             0.0            0              0               1                 0            NaN              NaN                  1.0                   1.0  0.000000e+00
47           8.00   5.617222  24      PQ         0.0              True        0.0        inf       0.0       1.0   1.0    OCGT      58.384615           0      30.0  47234.561404         1.0        False            0.0             0.0            0              0               1                 0            NaN              NaN                  1.0                   1.0  0.000000e+00
48          76.00   5.894720  24      PQ         0.0              True        0.0        inf       0.0       1.0   1.0    OCGT      58.384615           0      30.0  47234.561404         1.0        False            0.0             0.0            0              0               1                 0            NaN              NaN                  1.0                   1.0  0.000000e+00
49           8.00   4.944657  25      PQ         0.0              True        0.0        inf       0.0       1.0   1.0    OCGT      58.384615           0      30.0  47234.561404         1.0        False            0.0             0.0            0              0               1                 0            NaN              NaN                  1.0                   1.0  0.000000e+00
50          76.00   2.195616  25      PQ         0.0              True        0.0        inf       0.0       1.0   1.0    OCGT      58.384615           0      30.0  47234.561404         1.0        False            0.0             0.0            0              0               1                 0            NaN              NaN                  1.0                   1.0  0.000000e+00
51          76.00   2.195616  25      PQ         0.0              True        0.0        inf       0.0       1.0   1.0    OCGT      58.384615           0      30.0  47234.561404         1.0        False            0.0             0.0            0              0               1                 0            NaN              NaN                  1.0                   1.0  5.030507e+02
52          55.00  18.999939  30      PQ         0.0              True        0.0        inf       0.0       1.0   1.0    OCGT      58.384615           0      30.0  47234.561404         1.0        False            0.0             0.0            0              0               1                 0            NaN              NaN                  1.0                   1.0  0.000000e+00
53          55.00  14.277477  36      PQ         0.0              True        0.0        inf       0.0       1.0   1.0    OCGT      58.384615           0      30.0  47234.561404         1.0        False            0.0             0.0            0              0               1                 0            NaN              NaN                  1.0                   1.0  0.000000e+00
54          55.00  14.277477  36      PQ         0.0              True        0.0        inf       0.0       1.0   1.0    OCGT      58.384615           0      30.0  47234.561404         1.0        False            0.0             0.0            0              0               1                 0            NaN              NaN                  1.0                   1.0  0.000000e+00
55          55.00  19.070227  38      PQ         0.0              True        0.0        inf       0.0       1.0   1.0    OCGT      58.384615           0      30.0  47234.561404         1.0        False            0.0             0.0            0              0               1                 0            NaN              NaN                  1.0                   1.0  0.000000e+00
56         155.00  -8.680649  46      PQ         0.0              True        0.0        inf       0.0       1.0   1.0    OCGT      58.384615           0      30.0  47234.561404         1.0        False            0.0             0.0            0              0               1                 0            NaN              NaN                  1.0                   1.0  0.000000e+00
57         350.00  30.622204  46      PQ         0.0              True        0.0        inf       0.0       1.0   1.0    OCGT      58.384615           0      30.0  47234.561404         1.0        False            0.0             0.0            0              0               1                 0            NaN              NaN                  1.0                   1.0  0.000000e+00
58          22.00  -4.193400  46      PQ         0.0              True        0.0        inf       0.0       1.0   1.0    OCGT      58.384615           0      30.0  47234.561404         1.0        False            0.0             0.0            0              0               1                 0            NaN              NaN                  1.0                   1.0  0.000000e+00
59          22.00  -4.193400  46      PQ         0.0              True        0.0        inf       0.0       1.0   1.0    OCGT      58.384615           0      30.0  47234.561404         1.0        False            0.0             0.0            0              0               1                 0            NaN              NaN                  1.0                   1.0  0.000000e+00
60          22.00  -4.193400  46      PQ         0.0              True        0.0        inf       0.0       1.0   1.0    OCGT      58.384615           0      30.0  47234.561404         1.0        False            0.0             0.0            0              0               1                 0            NaN              NaN                  1.0                   1.0  0.000000e+00
61           8.00   8.974018  48      PQ         0.0              True        0.0        inf       0.0       1.0   1.0    OCGT      58.384615           0      30.0  47234.561404         1.0        False            0.0             0.0            0              0               1                 0            NaN              NaN                  1.0                   1.0  0.000000e+00
62          44.00  15.511660  48      PQ         0.0              True        0.0        inf       0.0       1.0   1.0    OCGT      58.384615           0      30.0  47234.561404         1.0        False            0.0             0.0            0              0               1                 0            NaN              NaN                  1.0                   1.0  0.000000e+00
63          44.00  15.511660  48      PQ         0.0              True        0.0        inf       0.0       1.0   1.0    OCGT      58.384615           0      30.0  47234.561404         1.0        False            0.0             0.0            0              0               1                 0            NaN              NaN                  1.0                   1.0  0.000000e+00
64           8.00   7.306809  49      PQ         0.0              True        0.0        inf       0.0       1.0   1.0    OCGT      58.384615           0      30.0  47234.561404         1.0        False            0.0             0.0            0              0               1                 0            NaN              NaN                  1.0                   1.0  0.000000e+00
65          55.00   9.843150  49      PQ         0.0              True        0.0        inf       0.0       1.0   1.0    OCGT      58.384615           0      30.0  47234.561404         1.0        False            0.0             0.0            0              0               1                 0            NaN              NaN                  1.0                   1.0  4.987051e+02
66          55.00   9.843150  49      PQ         0.0              True        0.0        inf       0.0       1.0   1.0    OCGT      58.384615           0      30.0  47234.561404         1.0        False            0.0             0.0            0              0               1                 0            NaN              NaN                  1.0                   1.0  0.000000e+00
67          55.00  18.988754  54      PQ         0.0              True        0.0        inf       0.0       1.0   1.0    OCGT      58.384615           0      30.0  47234.561404         1.0        False            0.0             0.0            0              0               1                 0            NaN              NaN                  1.0                   1.0  0.000000e+00
68           5.00   6.029433  62      PQ         0.0              True        0.0        inf       0.0       1.0   1.0    OCGT      58.384615           0      30.0  47234.561404         1.0        False            0.0             0.0            0              0               1                 0            NaN              NaN                  1.0                   1.0  0.000000e+00
69           5.00   6.029433  62      PQ         0.0              True        0.0        inf       0.0       1.0   1.0    OCGT      58.384615           0      30.0  47234.561404         1.0        False            0.0             0.0            0              0               1                 0            NaN              NaN                  1.0                   1.0  0.000000e+00
70           5.00   6.029433  62      PQ         0.0              True        0.0        inf       0.0       1.0   1.0    OCGT      58.384615           0      30.0  47234.561404         1.0        False            0.0             0.0            0              0               1                 0            NaN              NaN                  1.0                   1.0  0.000000e+00
71           5.00   6.029433  62      PQ         0.0              True        0.0        inf       0.0       1.0   1.0    OCGT      58.384615           0      30.0  47234.561404         1.0        False            0.0             0.0            0              0               1                 0            NaN              NaN                  1.0                   1.0  8.651372e+02
72          55.00  19.166787  62      PQ         0.0              True        0.0        inf       0.0       1.0   1.0    OCGT      58.384615           0      30.0  47234.561404         1.0        False            0.0             0.0            0              0               1                 0            NaN              NaN                  1.0                   1.0  0.000000e+00
73          55.00  19.166787  62      PQ         0.0              True        0.0        inf       0.0       1.0   1.0    OCGT      58.384615           0      30.0  47234.561404         1.0        False            0.0             0.0            0              0               1                 0            NaN              NaN                  1.0                   1.0  0.000000e+00
74          55.00  60.294331  62      PQ         0.0              True        0.0        inf       0.0       1.0   1.0    OCGT      58.384615           0      30.0  47234.561404         1.0        False            0.0             0.0            0              0               1                 0            NaN              NaN                  1.0                   1.0  0.000000e+00
75          55.00  -9.063162  69      PQ         0.0              True        0.0        inf       0.0       1.0   1.0    OCGT      58.384615           0      30.0  47234.561404         1.0        False            0.0             0.0            0              0               1                 0            NaN              NaN                  1.0                   1.0  0.000000e+00
76         355.00  37.463310  70      PQ         0.0              True        0.0        inf       0.0       1.0   1.0    OCGT      58.384615           0      30.0  47234.561404         1.0        False            0.0             0.0            0              0               1                 0            NaN              NaN                  1.0                   1.0  0.000000e+00
77          50.00  -6.793502  21      PQ         0.0              True        0.0        inf       0.0       1.0   1.0    OCGT      58.384615           0      30.0  47234.561404         1.0        False            0.0             0.0            0              0               1                 0            NaN              NaN                  1.0                   1.0  0.000000e+00
78          50.00  -6.793502  21      PQ         0.0              True        0.0        inf       0.0       1.0   1.0    OCGT      58.384615           0      30.0  47234.561404         1.0        False            0.0             0.0            0              0               1                 0            NaN              NaN                  1.0                   1.0  0.000000e+00
79          50.00  -6.793502  21      PQ         0.0              True        0.0        inf       0.0       1.0   1.0    OCGT      58.384615           0      30.0  47234.561404         1.0        False            0.0             0.0            0              0               1                 0            NaN              NaN                  1.0                   1.0  0.000000e+00
80          50.00  -6.793502  21      PQ         0.0              True        0.0        inf       0.0       1.0   1.0    OCGT      58.384615           0      30.0  47234.561404         1.0        False            0.0             0.0            0              0               1                 0            NaN              NaN                  1.0                   1.0  0.000000e+00
81          50.00  -6.793502  21      PQ         0.0              True        0.0        inf       0.0       1.0   1.0    OCGT      58.384615           0      30.0  47234.561404         1.0        False            0.0             0.0            0              0               1                 0            NaN              NaN                  1.0                   1.0  1.684528e-09
82          50.00   4.604777  24      PQ         0.0              True        0.0        inf       0.0       1.0   1.0    OCGT      58.384615           0      30.0  47234.561404         1.0        False            0.0             0.0            0              0               1                 0            NaN              NaN                  1.0                   1.0  0.000000e+00
83          50.00  16.053703  38      PQ         0.0              True        0.0        inf       0.0       1.0   1.0    OCGT      58.384615           0      30.0  47234.561404         1.0        False            0.0             0.0            0              0               1                 0            NaN              NaN                  1.0                   1.0  0.000000e+00
84          50.00  16.053703  38      PQ         0.0              True        0.0        inf       0.0       1.0   1.0    OCGT      58.384615           0      30.0  47234.561404         1.0        False            0.0             0.0            0              0               1                 0            NaN              NaN                  1.0                   1.0  8.259941e+02
85          50.00  16.053703  38      PQ         0.0              True        0.0        inf       0.0       1.0   1.0    OCGT      58.384615           0      30.0  47234.561404         1.0        False            0.0             0.0            0              0               1                 0            NaN              NaN                  1.0                   1.0  0.000000e+00
86          50.00  -6.973033  45      PQ         0.0              True        0.0        inf       0.0       1.0   1.0    OCGT      58.384615           0      30.0  47234.561404         1.0        False            0.0             0.0            0              0               1                 0            NaN              NaN                  1.0                   1.0  0.000000e+00
87          50.00  -6.973033  45      PQ         0.0              True        0.0        inf       0.0       1.0   1.0    OCGT      58.384615           0      30.0  47234.561404         1.0        False            0.0             0.0            0              0               1                 0            NaN              NaN                  1.0                   1.0  0.000000e+00
88          50.00  -6.973033  45      PQ         0.0              True        0.0        inf       0.0       1.0   1.0    OCGT      58.384615           0      30.0  47234.561404         1.0        False            0.0             0.0            0              0               1                 0            NaN              NaN                  1.0                   1.0  0.000000e+00
89          50.00  -6.973033  45      PQ         0.0              True        0.0        inf       0.0       1.0   1.0    OCGT      58.384615           0      30.0  47234.561404         1.0        False            0.0             0.0            0              0               1                 0            NaN              NaN                  1.0                   1.0  0.000000e+00
90          50.00  -6.973033  45      PQ         0.0              True        0.0        inf       0.0       1.0   1.0    OCGT      58.384615           0      30.0  47234.561404         1.0        False            0.0             0.0            0              0               1                 0            NaN              NaN                  1.0                   1.0  1.865634e-09
91          50.00  -5.460065  69      PQ         0.0              True        0.0        inf       0.0       1.0   1.0    OCGT      58.384615           0      30.0  47234.561404         1.0        False            0.0             0.0            0              0               1                 0            NaN              NaN                  1.0                   1.0  1.537632e-09
92          50.00  -5.460065  69      PQ         0.0              True        0.0        inf       0.0       1.0   1.0    OCGT      58.384615           0      30.0  47234.561404         1.0        False            0.0             0.0            0              0               1                 0            NaN              NaN                  1.0                   1.0  0.000000e+00
93          50.00  -5.460065  69      PQ         0.0              True        0.0        inf       0.0       1.0   1.0    OCGT      58.384615           0      30.0  47234.561404         1.0        False            0.0             0.0            0              0               1                 0            NaN              NaN                  1.0                   1.0  0.000000e+00
94          50.00  -5.460065  69      PQ         0.0              True        0.0        inf       0.0       1.0   1.0    OCGT      58.384615           0      30.0  47234.561404         1.0        False            0.0             0.0            0              0               1                 0            NaN              NaN                  1.0                   1.0  0.000000e+00
95           0.00   0.000000  12   Slack         0.0              True        0.0        inf       0.0       1.0   1.0    OCGT      58.384615           0      30.0  47234.561404         1.0        False            0.0             0.0            0              0               1                 0            NaN              NaN                  1.0                   1.0  0.000000e+00
01:22:46 __main__ INFO 
       p_set  q_set bus carrier type  sign
Load                                     
0     216.0   22.0   0               -1.0
1     194.0   20.0   1               -1.0
2     360.0   37.0   2               -1.0
3     148.0   15.0   3               -1.0
4     142.0   14.0   4               -1.0
5     272.0   28.0   5               -1.0
6     250.0   25.0   6               -1.0
7     342.0   35.0   7               -1.0
8     350.0   36.0   8               -1.0
9     390.0   40.0   9               -1.0
10    530.0   54.0  12               -1.0
11    388.0   39.0  13               -1.0
12    634.0   64.0  14               -1.0
13    200.0   20.0  15               -1.0
14    666.0   68.0  17               -1.0
15    362.0   37.0  18               -1.0
16    256.0   26.0  19               -1.0
17    216.0   22.0  24               -1.0
18    194.0   20.0  25               -1.0
19    360.0   37.0  26               -1.0
20    148.0   15.0  27               -1.0
21    142.0   14.0  28               -1.0
22    272.0   28.0  29               -1.0
23    250.0   25.0  30               -1.0
24    342.0   35.0  31               -1.0
25    350.0   36.0  32               -1.0
26    390.0   40.0  33               -1.0
27    530.0   54.0  36               -1.0
28    388.0   39.0  37               -1.0
29    634.0   64.0  38               -1.0
30    200.0   20.0  39               -1.0
31    666.0   68.0  41               -1.0
32    362.0   37.0  42               -1.0
33    256.0   26.0  43               -1.0
34    216.0   22.0  48               -1.0
35    194.0   20.0  49               -1.0
36    360.0   37.0  50               -1.0
37    148.0   15.0  51               -1.0
38    142.0   14.0  52               -1.0
39    272.0   28.0  53               -1.0
40    250.0   25.0  54               -1.0
41    342.0   35.0  55               -1.0
42    350.0   36.0  56               -1.0
43    390.0   40.0  57               -1.0
44    530.0   54.0  60               -1.0
45    388.0   39.0  61               -1.0
46    634.0   64.0  62               -1.0
47    200.0   20.0  63               -1.0
48    666.0   68.0  65               -1.0
49    362.0   37.0  66               -1.0
50    256.0   26.0  67               -1.0
01:22:46 __main__ INFO 
              r         x         b       s_nom bus0 bus1  length  num_parallel type    g  s_nom_extendable  s_nom_min  s_nom_max  s_max_pu  capital_cost  build_year  lifetime carrier  terrain_factor  v_ang_min  v_ang_max sub_network     x_pu     r_pu  g_pu   b_pu  x_pu_eff  r_pu_eff     s_nom_opt  v_nom
Line                                                                                                                                                                                                                                                                                                            
0      0.57132   2.66616  0.002421  101.036297    0    1     1.0           1.0       0.0              True        0.0        inf       1.0     38.003656           0       inf      AC             1.0       -inf        inf           0  0.00014  0.00003   0.0   46.1   0.00014   0.00003  2.740352e-09  138.0
1     10.47420  40.18284  0.000299  101.036297    0    2     1.0           1.0       0.0              True        0.0        inf       1.0     38.003656           0       inf      AC             1.0       -inf        inf           0  0.00211  0.00055   0.0    5.7   0.00211   0.00055  1.034263e+02  138.0
2      4.18968  16.18740  0.000121  101.036297    0    4     1.0           1.0       0.0              True        0.0        inf       1.0     38.003656           0       inf      AC             1.0       -inf        inf           0  0.00085  0.00022   0.0    2.3   0.00085   0.00022  2.054936e+02  138.0
3      6.28452  24.18588  0.000179  101.036297    1    3     1.0           1.0       0.0              True        0.0        inf       1.0     38.003656           0       inf      AC             1.0       -inf        inf           0  0.00127  0.00033   0.0    3.4   0.00127   0.00033  1.480000e+02  138.0
4      9.52200  36.56448  0.000273  101.036297    1    5     1.0           1.0       0.0              True        0.0        inf       1.0     38.003656           0       inf      AC             1.0       -inf        inf           0  0.00192  0.00050   0.0    5.2   0.00192   0.00050  1.567051e+02  138.0
5      5.90364  22.66236  0.000168  101.036297    2    8     1.0           1.0       0.0              True        0.0        inf       1.0     38.003656           0       inf      AC             1.0       -inf        inf           0  0.00119  0.00031   0.0    3.2   0.00119   0.00031  2.543651e+01  138.0
6      5.14188  19.80576  0.000147  101.036297    3    8     1.0           1.0       0.0              True        0.0        inf       1.0     38.003656           0       inf      AC             1.0       -inf        inf           0  0.00104  0.00027   0.0    2.8   0.00104   0.00027  2.350264e-08  138.0
7      4.38012  16.75872  0.000126  101.036297    4    9     1.0           1.0       0.0              True        0.0        inf       1.0     38.003656           0       inf      AC             1.0       -inf        inf           0  0.00088  0.00023   0.0    2.4   0.00088   0.00023  6.349365e+01  138.0
8      2.66616  11.61684  0.012912  101.036297    5    9     1.0           1.0       0.0              True        0.0        inf       1.0     38.003656           0       inf      AC             1.0       -inf        inf           0  0.00061  0.00014   0.0  245.9   0.00061   0.00014  1.152949e+02  138.0
9      3.04704  11.61684  0.000089  101.036297    6    7     1.0           1.0       0.0              True        0.0        inf       1.0     38.003656           0       inf      AC             1.0       -inf        inf           0  0.00061  0.00016   0.0    1.7   0.00061   0.00016  3.161915e+02  138.0
10     7.99848  30.66084  0.000231  101.036297    6   26     1.0           1.0       0.0              True        0.0        inf       1.0     38.003656           0       inf      AC             1.0       -inf        inf           0  0.00161  0.00042   0.0    4.4   0.00161   0.00042  8.267536e+01  138.0
11     8.18892  31.42260  0.000236  101.036297    7    8     1.0           1.0       0.0              True        0.0        inf       1.0     38.003656           0       inf      AC             1.0       -inf        inf           0  0.00165  0.00043   0.0    4.5   0.00165   0.00043  2.580849e+01  138.0
12     8.18892  31.42260  0.000236  101.036297    7    9     1.0           1.0       0.0              True        0.0        inf       1.0     38.003656           0       inf      AC             1.0       -inf        inf           0  0.00165  0.00043   0.0    4.5   0.00165   0.00043  1.308441e-08  138.0
13     3.17400  25.39200  0.000189  288.675135   10   12     1.0           1.0       0.0              True        0.0        inf       1.0     38.003656           0       inf      AC             1.0       -inf        inf           0  0.00048  0.00006   0.0   10.0   0.00048   0.00006  1.478945e+02  230.0
14     2.64500  22.21800  0.000166  288.675135   10   13     1.0           1.0       0.0              True        0.0        inf       1.0     38.003656           0       inf      AC             1.0       -inf        inf           0  0.00042  0.00005   0.0    8.8   0.00042   0.00005  3.002128e+02  230.0
15     3.17400  25.39200  0.000189  288.675135   11   12     1.0           1.0       0.0              True        0.0        inf       1.0     38.003656           0       inf      AC             1.0       -inf        inf           0  0.00048  0.00006   0.0   10.0   0.00048   0.00006  2.642005e+02  230.0
16     6.34800  51.31300  0.000384  288.675135   11   22     1.0           1.0       0.0              True        0.0        inf       1.0     38.003656           0       inf      AC             1.0       -inf        inf           0  0.00097  0.00012   0.0   20.3   0.00097   0.00012  1.307384e+02  230.0
17     5.81900  46.02300  0.000344  288.675135   12   22     1.0           1.0       0.0              True        0.0        inf       1.0     38.003656           0       inf      AC             1.0       -inf        inf           0  0.00087  0.00011   0.0   18.2   0.00087   0.00011  2.658525e-09  230.0
18     5.29000  39.67500  0.000299  288.675135   12   38     1.0           1.0       0.0              True        0.0        inf       1.0     38.003656           0       inf      AC             1.0       -inf        inf           0  0.00075  0.00010   0.0   15.8   0.00075   0.00010  2.890791e-09  230.0
19     2.64500  31.21100  0.000155  288.675135   13   15     1.0           1.0       0.0              True        0.0        inf       1.0     38.003656           0       inf      AC             1.0       -inf        inf           0  0.00059  0.00005   0.0    8.2   0.00059   0.00005  2.245729e-09  230.0
20     1.05800   8.99300  0.000068  288.675135   14   15     1.0           1.0       0.0              True        0.0        inf       1.0     38.003656           0       inf      AC             1.0       -inf        inf           0  0.00017  0.00002   0.0    3.6   0.00017   0.00002  2.314878e-09  230.0
21     3.17400  25.92100  0.000195  288.675135   14   20     1.0           1.0       0.0              True        0.0        inf       1.0     38.003656           0       inf      AC             1.0       -inf        inf           0  0.00049  0.00006   0.0   10.3   0.00049   0.00006  2.431596e-09  230.0
22     3.17400  25.92100  0.000195  288.675135   14   20     1.0           1.0       0.0              True        0.0        inf       1.0     38.003656           0       inf      AC             1.0       -inf        inf           0  0.00049  0.00006   0.0   10.3   0.00049   0.00006  2.431596e-09  230.0
23     3.70300  27.50800  0.000206  288.675135   14   23     1.0           1.0       0.0              True        0.0        inf       1.0     38.003656           0       inf      AC             1.0       -inf        inf           0  0.00052  0.00007   0.0   10.9   0.00052   0.00007  2.311372e+02  230.0
24     1.58700  13.75400  0.000104  288.675135   15   16     1.0           1.0       0.0              True        0.0        inf       1.0     38.003656           0       inf      AC             1.0       -inf        inf           0  0.00026  0.00003   0.0    5.5   0.00026   0.00003  2.328642e-09  230.0
25     1.58700  12.16700  0.000093  288.675135   15   18     1.0           1.0       0.0              True        0.0        inf       1.0     38.003656           0       inf      AC             1.0       -inf        inf           0  0.00023  0.00003   0.0    4.9   0.00023   0.00003  3.620000e+02  230.0
26     1.05800   7.40600  0.000057  288.675135   16   17     1.0           1.0       0.0              True        0.0        inf       1.0     38.003656           0       inf      AC             1.0       -inf        inf           0  0.00014  0.00002   0.0    3.0   0.00014   0.00002  2.429680e-09  230.0
27     7.40600  55.54500  0.000418  288.675135   16   21     1.0           1.0       0.0              True        0.0        inf       1.0     38.003656           0       inf      AC             1.0       -inf        inf           0  0.00105  0.00014   0.0   22.1   0.00105   0.00014  2.396521e-09  230.0
28     1.58700  13.75400  0.000104  288.675135   17   20     1.0           1.0       0.0              True        0.0        inf       1.0     38.003656           0       inf      AC             1.0       -inf        inf           0  0.00026  0.00003   0.0    5.5   0.00026   0.00003  2.551376e-09  230.0
29     1.58700  13.75400  0.000104  288.675135   17   20     1.0           1.0       0.0              True        0.0        inf       1.0     38.003656           0       inf      AC             1.0       -inf        inf           0  0.00026  0.00003   0.0    5.5   0.00026   0.00003  2.551377e-09  230.0
30     2.64500  21.16000  0.000157  288.675135   18   19     1.0           1.0       0.0              True        0.0        inf       1.0     38.003656           0       inf      AC             1.0       -inf        inf           0  0.00040  0.00005   0.0    8.3   0.00040   0.00005  3.207704e-09  230.0
31     2.64500  21.16000  0.000157  288.675135   18   19     1.0           1.0       0.0              True        0.0        inf       1.0     38.003656           0       inf      AC             1.0       -inf        inf           0  0.00040  0.00005   0.0    8.3   0.00040   0.00005  3.207707e-09  230.0
32     1.58700  11.63800  0.000087  288.675135   19   22     1.0           1.0       0.0              True        0.0        inf       1.0     38.003656           0       inf      AC             1.0       -inf        inf           0  0.00022  0.00003   0.0    4.6   0.00022   0.00003  1.280000e+02  230.0
33     1.58700  11.63800  0.000087  288.675135   19   22     1.0           1.0       0.0              True        0.0        inf       1.0     38.003656           0       inf      AC             1.0       -inf        inf           0  0.00022  0.00003   0.0    4.6   0.00022   0.00003  1.280000e+02  230.0
34     4.76100  35.97200  0.000268  288.675135   20   21     1.0           1.0       0.0              True        0.0        inf       1.0     38.003656           0       inf      AC             1.0       -inf        inf           0  0.00068  0.00009   0.0   14.2   0.00068   0.00009  2.556365e-09  230.0
35     5.29000  39.14600  0.000293  288.675135   22   40     1.0           1.0       0.0              True        0.0        inf       1.0     38.003656           0       inf      AC             1.0       -inf        inf           0  0.00074  0.00010   0.0   15.5   0.00074   0.00010  3.320322e-09  230.0
36     0.57132   2.66616  0.002421  101.036297   24   25     1.0           1.0       0.0              True        0.0        inf       1.0     38.003656           0       inf      AC             1.0       -inf        inf           0  0.00014  0.00003   0.0   46.1   0.00014   0.00003  3.542277e-09  138.0
37    10.47420  40.18284  0.000299  101.036297   24   26     1.0           1.0       0.0              True        0.0        inf       1.0     38.003656           0       inf      AC             1.0       -inf        inf           0  0.00211  0.00055   0.0    5.7   0.00211   0.00055  8.772828e+01  138.0
38     4.18968  16.18740  0.000121  101.036297   24   28     1.0           1.0       0.0              True        0.0        inf       1.0     38.003656           0       inf      AC             1.0       -inf        inf           0  0.00085  0.00022   0.0    2.3   0.00085   0.00022  2.118487e+02  138.0
39     6.28452  24.18588  0.000179  101.036297   25   27     1.0           1.0       0.0              True        0.0        inf       1.0     38.003656           0       inf      AC             1.0       -inf        inf           0  0.00127  0.00033   0.0    3.4   0.00127   0.00033  1.480000e+02  138.0
40     9.52200  36.56448  0.000273  101.036297   25   29     1.0           1.0       0.0              True        0.0        inf       1.0     38.003656           0       inf      AC             1.0       -inf        inf           0  0.00192  0.00050   0.0    5.2   0.00192   0.00050  1.610507e+02  138.0
41     5.90364  22.66236  0.000168  101.036297   26   32     1.0           1.0       0.0              True        0.0        inf       1.0     38.003656           0       inf      AC             1.0       -inf        inf           0  0.00119  0.00031   0.0    3.2   0.00119   0.00031  2.397755e+00  138.0
42     5.14188  19.80576  0.000147  101.036297   27   32     1.0           1.0       0.0              True        0.0        inf       1.0     38.003656           0       inf      AC             1.0       -inf        inf           0  0.00104  0.00027   0.0    2.8   0.00104   0.00027  2.518501e-09  138.0
43     4.38012  16.75872  0.000126  101.036297   28   33     1.0           1.0       0.0              True        0.0        inf       1.0     38.003656           0       inf      AC             1.0       -inf        inf           0  0.00088  0.00023   0.0    2.4   0.00088   0.00023  6.984865e+01  138.0
44     2.66616  11.61684  0.012912  101.036297   29   33     1.0           1.0       0.0              True        0.0        inf       1.0     38.003656           0       inf      AC             1.0       -inf        inf           0  0.00061  0.00014   0.0  245.9   0.00061   0.00014  1.109493e+02  138.0
45     3.04704  11.61684  0.000089  101.036297   30   31     1.0           1.0       0.0              True        0.0        inf       1.0     38.003656           0       inf      AC             1.0       -inf        inf           0  0.00061  0.00016   0.0    1.7   0.00061   0.00016  3.744716e+02  138.0
46     8.18892  31.42260  0.000236  101.036297   31   32     1.0           1.0       0.0              True        0.0        inf       1.0     38.003656           0       inf      AC             1.0       -inf        inf           0  0.00165  0.00043   0.0    4.5   0.00165   0.00043  3.036472e-09  138.0
47     8.18892  31.42260  0.000236  101.036297   31   33     1.0           1.0       0.0              True        0.0        inf       1.0     38.003656           0       inf      AC             1.0       -inf        inf           0  0.00165  0.00043   0.0    4.5   0.00165   0.00043  3.247162e+01  138.0
48     3.17400  25.39200  0.000189  288.675135   34   36     1.0           1.0       0.0              True        0.0        inf       1.0     38.003656           0       inf      AC             1.0       -inf        inf           0  0.00048  0.00006   0.0   10.0   0.00048   0.00006  1.244751e+02  230.0
49     2.64500  22.21800  0.000166  288.675135   34   37     1.0           1.0       0.0              True        0.0        inf       1.0     38.003656           0       inf      AC             1.0       -inf        inf           0  0.00042  0.00005   0.0    8.8   0.00042   0.00005  2.734477e+02  230.0
50     3.17400  25.39200  0.000189  288.675135   35   36     1.0           1.0       0.0              True        0.0        inf       1.0     38.003656           0       inf      AC             1.0       -inf        inf           0  0.00048  0.00006   0.0   10.0   0.00048   0.00006  2.330064e+02  230.0
51     6.34800  51.31300  0.000384  288.675135   35   46     1.0           1.0       0.0              True        0.0        inf       1.0     38.003656           0       inf      AC             1.0       -inf        inf           0  0.00097  0.00012   0.0   20.3   0.00097   0.00012  1.153021e+02  230.0
52     5.81900  46.02300  0.000344  288.675135   36   46     1.0           1.0       0.0              True        0.0        inf       1.0     38.003656           0       inf      AC             1.0       -inf        inf           0  0.00087  0.00011   0.0   18.2   0.00087   0.00011  2.092779e-09  230.0
53     2.64500  31.21100  0.000155  288.675135   37   39     1.0           1.0       0.0              True        0.0        inf       1.0     38.003656           0       inf      AC             1.0       -inf        inf           0  0.00059  0.00005   0.0    8.2   0.00059   0.00005  2.253786e-09  230.0
54     1.05800   8.99300  0.000068  288.675135   38   39     1.0           1.0       0.0              True        0.0        inf       1.0     38.003656           0       inf      AC             1.0       -inf        inf           0  0.00017  0.00002   0.0    3.6   0.00017   0.00002  2.315171e-09  230.0
55     3.17400  25.92100  0.000195  288.675135   38   44     1.0           1.0       0.0              True        0.0        inf       1.0     38.003656           0       inf      AC             1.0       -inf        inf           0  0.00049  0.00006   0.0   10.3   0.00049   0.00006  2.401052e-09  230.0
56     3.17400  25.92100  0.000195  288.675135   38   44     1.0           1.0       0.0              True        0.0        inf       1.0     38.003656           0       inf      AC             1.0       -inf        inf           0  0.00049  0.00006   0.0   10.3   0.00049   0.00006  2.401052e-09  230.0
57     3.70300  27.50800  0.000206  288.675135   38   47     1.0           1.0       0.0              True        0.0        inf       1.0     38.003656           0       inf      AC             1.0       -inf        inf           0  0.00052  0.00007   0.0   10.9   0.00052   0.00007  1.919941e+02  230.0
58     1.58700  13.75400  0.000104  288.675135   39   40     1.0           1.0       0.0              True        0.0        inf       1.0     38.003656           0       inf      AC             1.0       -inf        inf           0  0.00026  0.00003   0.0    5.5   0.00026   0.00003  2.648918e-09  230.0
59     1.58700  12.16700  0.000093  288.675135   39   42     1.0           1.0       0.0              True        0.0        inf       1.0     38.003656           0       inf      AC             1.0       -inf        inf           0  0.00023  0.00003   0.0    4.9   0.00023   0.00003  3.620000e+02  230.0
60     1.05800   7.40600  0.000057  288.675135   40   41     1.0           1.0       0.0              True        0.0        inf       1.0     38.003656           0       inf      AC             1.0       -inf        inf           0  0.00014  0.00002   0.0    3.0   0.00014   0.00002  2.691464e-09  230.0
61     7.40600  55.54500  0.000418  288.675135   40   45     1.0           1.0       0.0              True        0.0        inf       1.0     38.003656           0       inf      AC             1.0       -inf        inf           0  0.00105  0.00014   0.0   22.1   0.00105   0.00014  2.497153e-09  230.0
62     1.58700  13.75400  0.000104  288.675135   41   44     1.0           1.0       0.0              True        0.0        inf       1.0     38.003656           0       inf      AC             1.0       -inf        inf           0  0.00026  0.00003   0.0    5.5   0.00026   0.00003  2.679103e-09  230.0
63     1.58700  13.75400  0.000104  288.675135   41   44     1.0           1.0       0.0              True        0.0        inf       1.0     38.003656           0       inf      AC             1.0       -inf        inf           0  0.00026  0.00003   0.0    5.5   0.00026   0.00003  2.679103e-09  230.0
64     2.64500  21.16000  0.000157  288.675135   42   43     1.0           1.0       0.0              True        0.0        inf       1.0     38.003656           0       inf      AC             1.0       -inf        inf           0  0.00040  0.00005   0.0    8.3   0.00040   0.00005  9.212293e-10  230.0
65     2.64500  21.16000  0.000157  288.675135   42   43     1.0           1.0       0.0              True        0.0        inf       1.0     38.003656           0       inf      AC             1.0       -inf        inf           0  0.00040  0.00005   0.0    8.3   0.00040   0.00005  9.212387e-10  230.0
66     1.58700  11.63800  0.000087  288.675135   43   46     1.0           1.0       0.0              True        0.0        inf       1.0     38.003656           0       inf      AC             1.0       -inf        inf           0  0.00022  0.00003   0.0    4.6   0.00022   0.00003  1.280000e+02  230.0
67     1.58700  11.63800  0.000087  288.675135   43   46     1.0           1.0       0.0              True        0.0        inf       1.0     38.003656           0       inf      AC             1.0       -inf        inf           0  0.00022  0.00003   0.0    4.6   0.00022   0.00003  1.280000e+02  230.0
68     4.76100  35.97200  0.000268  288.675135   44   45     1.0           1.0       0.0              True        0.0        inf       1.0     38.003656           0       inf      AC             1.0       -inf        inf           0  0.00068  0.00009   0.0   14.2   0.00068   0.00009  2.502656e-09  230.0
69     0.57132   2.66616  0.002421  101.036297   48   49     1.0           1.0       0.0              True        0.0        inf       1.0     38.003656           0       inf      AC             1.0       -inf        inf           0  0.00014  0.00003   0.0   46.1   0.00014   0.00003  2.839167e-09  138.0
70    10.47420  40.18284  0.000299  101.036297   48   50     1.0           1.0       0.0              True        0.0        inf       1.0     38.003656           0       inf      AC             1.0       -inf        inf           0  0.00211  0.00055   0.0    5.7   0.00211   0.00055  1.034263e+02  138.0
71     4.18968  16.18740  0.000121  101.036297   48   52     1.0           1.0       0.0              True        0.0        inf       1.0     38.003656           0       inf      AC             1.0       -inf        inf           0  0.00085  0.00022   0.0    2.3   0.00085   0.00022  2.054936e+02  138.0
72     6.28452  24.18588  0.000179  101.036297   49   51     1.0           1.0       0.0              True        0.0        inf       1.0     38.003656           0       inf      AC             1.0       -inf        inf           0  0.00127  0.00033   0.0    3.4   0.00127   0.00033  1.480000e+02  138.0
73     9.52200  36.56448  0.000273  101.036297   49   53     1.0           1.0       0.0              True        0.0        inf       1.0     38.003656           0       inf      AC             1.0       -inf        inf           0  0.00192  0.00050   0.0    5.2   0.00192   0.00050  1.567051e+02  138.0
74     5.90364  22.66236  0.000168  101.036297   50   56     1.0           1.0       0.0              True        0.0        inf       1.0     38.003656           0       inf      AC             1.0       -inf        inf           0  0.00119  0.00031   0.0    3.2   0.00119   0.00031  2.543651e+01  138.0
75     5.14188  19.80576  0.000147  101.036297   51   56     1.0           1.0       0.0              True        0.0        inf       1.0     38.003656           0       inf      AC             1.0       -inf        inf           0  0.00104  0.00027   0.0    2.8   0.00104   0.00027  2.461948e-09  138.0
76     4.38012  16.75872  0.000126  101.036297   52   57     1.0           1.0       0.0              True        0.0        inf       1.0     38.003656           0       inf      AC             1.0       -inf        inf           0  0.00088  0.00023   0.0    2.4   0.00088   0.00023  6.349365e+01  138.0
77     2.66616  11.61684  0.012912  101.036297   53   57     1.0           1.0       0.0              True        0.0        inf       1.0     38.003656           0       inf      AC             1.0       -inf        inf           0  0.00061  0.00014   0.0  245.9   0.00061   0.00014  1.152949e+02  138.0
78     3.04704  11.61684  0.000089  101.036297   54   55     1.0           1.0       0.0              True        0.0        inf       1.0     38.003656           0       inf      AC             1.0       -inf        inf           0  0.00061  0.00016   0.0    1.7   0.00061   0.00016  3.161915e+02  138.0
79     8.18892  31.42260  0.000236  101.036297   55   56     1.0           1.0       0.0              True        0.0        inf       1.0     38.003656           0       inf      AC             1.0       -inf        inf           0  0.00165  0.00043   0.0    4.5   0.00165   0.00043  2.580849e+01  138.0
80     8.18892  31.42260  0.000236  101.036297   55   57     1.0           1.0       0.0              True        0.0        inf       1.0     38.003656           0       inf      AC             1.0       -inf        inf           0  0.00165  0.00043   0.0    4.5   0.00165   0.00043  1.396007e-08  138.0
81     3.17400  25.39200  0.000189  288.675135   58   60     1.0           1.0       0.0              True        0.0        inf       1.0     38.003656           0       inf      AC             1.0       -inf        inf           0  0.00048  0.00006   0.0   10.0   0.00048   0.00006  1.478945e+02  230.0
82     2.64500  22.21800  0.000166  288.675135   58   61     1.0           1.0       0.0              True        0.0        inf       1.0     38.003656           0       inf      AC             1.0       -inf        inf           0  0.00042  0.00005   0.0    8.8   0.00042   0.00005  3.002128e+02  230.0
83     3.17400  25.39200  0.000189  288.675135   59   60     1.0           1.0       0.0              True        0.0        inf       1.0     38.003656           0       inf      AC             1.0       -inf        inf           0  0.00048  0.00006   0.0   10.0   0.00048   0.00006  2.642005e+02  230.0
84     6.34800  51.31300  0.000384  288.675135   59   70     1.0           1.0       0.0              True        0.0        inf       1.0     38.003656           0       inf      AC             1.0       -inf        inf           0  0.00097  0.00012   0.0   20.3   0.00097   0.00012  1.307384e+02  230.0
85     5.81900  46.02300  0.000344  288.675135   60   70     1.0           1.0       0.0              True        0.0        inf       1.0     38.003656           0       inf      AC             1.0       -inf        inf           0  0.00087  0.00011   0.0   18.2   0.00087   0.00011  2.367994e-09  230.0
86     2.64500  31.21100  0.000155  288.675135   61   63     1.0           1.0       0.0              True        0.0        inf       1.0     38.003656           0       inf      AC             1.0       -inf        inf           0  0.00059  0.00005   0.0    8.2   0.00059   0.00005  2.276035e-09  230.0
87     1.05800   8.99300  0.000068  288.675135   62   63     1.0           1.0       0.0              True        0.0        inf       1.0     38.003656           0       inf      AC             1.0       -inf        inf           0  0.00017  0.00002   0.0    3.6   0.00017   0.00002  2.297627e-09  230.0
88     3.17400  25.92100  0.000195  288.675135   62   68     1.0           1.0       0.0              True        0.0        inf       1.0     38.003656           0       inf      AC             1.0       -inf        inf           0  0.00049  0.00006   0.0   10.3   0.00049   0.00006  2.356425e-09  230.0
89     3.17400  25.92100  0.000195  288.675135   62   68     1.0           1.0       0.0              True        0.0        inf       1.0     38.003656           0       inf      AC             1.0       -inf        inf           0  0.00049  0.00006   0.0   10.3   0.00049   0.00006  2.356425e-09  230.0
90     3.70300  27.50800  0.000206  288.675135   62   71     1.0           1.0       0.0              True        0.0        inf       1.0     38.003656           0       inf      AC             1.0       -inf        inf           0  0.00052  0.00007   0.0   10.9   0.00052   0.00007  2.311372e+02  230.0
91     1.58700  13.75400  0.000104  288.675135   63   64     1.0           1.0       0.0              True        0.0        inf       1.0     38.003656           0       inf      AC             1.0       -inf        inf           0  0.00026  0.00003   0.0    5.5   0.00026   0.00003  2.330798e-09  230.0
92     1.58700  12.16700  0.000093  288.675135   63   66     1.0           1.0       0.0              True        0.0        inf       1.0     38.003656           0       inf      AC             1.0       -inf        inf           0  0.00023  0.00003   0.0    4.9   0.00023   0.00003  3.620000e+02  230.0
93     1.05800   7.40600  0.000057  288.675135   64   65     1.0           1.0       0.0              True        0.0        inf       1.0     38.003656           0       inf      AC             1.0       -inf        inf           0  0.00014  0.00002   0.0    3.0   0.00014   0.00002  2.493030e-09  230.0
94     7.40600  55.54500  0.000418  288.675135   64   69     1.0           1.0       0.0              True        0.0        inf       1.0     38.003656           0       inf      AC             1.0       -inf        inf           0  0.00105  0.00014   0.0   22.1   0.00105   0.00014  2.417352e-09  230.0
95     1.58700  13.75400  0.000104  288.675135   65   68     1.0           1.0       0.0              True        0.0        inf       1.0     38.003656           0       inf      AC             1.0       -inf        inf           0  0.00026  0.00003   0.0    5.5   0.00026   0.00003  2.750323e-09  230.0
96     1.58700  13.75400  0.000104  288.675135   65   68     1.0           1.0       0.0              True        0.0        inf       1.0     38.003656           0       inf      AC             1.0       -inf        inf           0  0.00026  0.00003   0.0    5.5   0.00026   0.00003  2.750323e-09  230.0
97     2.64500  21.16000  0.000157  288.675135   66   67     1.0           1.0       0.0              True        0.0        inf       1.0     38.003656           0       inf      AC             1.0       -inf        inf           0  0.00040  0.00005   0.0    8.3   0.00040   0.00005  2.764169e-09  230.0
98     2.64500  21.16000  0.000157  288.675135   66   67     1.0           1.0       0.0              True        0.0        inf       1.0     38.003656           0       inf      AC             1.0       -inf        inf           0  0.00040  0.00005   0.0    8.3   0.00040   0.00005  2.764154e-09  230.0
99     1.58700  11.63800  0.000087  288.675135   67   70     1.0           1.0       0.0              True        0.0        inf       1.0     38.003656           0       inf      AC             1.0       -inf        inf           0  0.00022  0.00003   0.0    4.6   0.00022   0.00003  1.280000e+02  230.0
100    1.58700  11.63800  0.000087  288.675135   67   70     1.0           1.0       0.0              True        0.0        inf       1.0     38.003656           0       inf      AC             1.0       -inf        inf           0  0.00022  0.00003   0.0    4.6   0.00022   0.00003  1.280000e+02  230.0
101    4.76100  35.97200  0.000268  288.675135   68   69     1.0           1.0       0.0              True        0.0        inf       1.0     38.003656           0       inf      AC             1.0       -inf        inf           0  0.00068  0.00009   0.0   14.2   0.00068   0.00009  2.454333e-09  230.0
102    6.34800  51.31300  0.000384  288.675135   72   20     1.0           1.0       0.0              True        0.0        inf       1.0     38.003656           0       inf      AC             1.0       -inf        inf           0  0.00097  0.00012   0.0   20.3   0.00097   0.00012  6.276480e-09  230.0
103    6.87700  55.01600  0.000412  288.675135   65   46     1.0           1.0       0.0              True        0.0        inf       1.0     38.003656           0       inf      AC             1.0       -inf        inf           0  0.00104  0.00013   0.0   21.8   0.00104   0.00013  1.589423e+02  230.0
104    0.00000   4.76100  0.000000  416.846894   70   72     1.0           1.0       0.0              True        0.0        inf       1.0     38.003656           0       inf      AC             1.0       -inf        inf           0  0.00009  0.00000   0.0    0.0   0.00009   0.00000  6.276480e-09  230.0
01:22:46 __main__ INFO 
 Empty DataFrame
Columns: [bus0, bus1, type, carrier, efficiency, build_year, lifetime, p_nom, p_nom_extendable, p_nom_min, p_nom_max, p_set, p_min_pu, p_max_pu, capital_cost, marginal_cost, length, terrain_factor, p_nom_opt]
Index: []
01:22:46 __main__ INFO 
              phase_shift  s_nom bus0 bus1        r        x    g    b  tap_position type model  s_nom_extendable  s_nom_min  s_nom_max  s_max_pu  capital_cost  num_parallel  tap_ratio  tap_side  build_year  lifetime  v_ang_min  v_ang_max sub_network    x_pu     r_pu  g_pu  b_pu  x_pu_eff  r_pu_eff   s_nom_opt
Transformer                                                                                                                                                                                                                                                                                                           
0                    0.0    0.4   23    2  0.00002  0.00084  0.0  0.0             1          t              True        0.0        inf       1.0           0.0           1.0        1.0         0           0       inf       -inf        inf           0  0.0021  0.00005   0.0   0.0    0.0021   0.00005  231.137215
1                    0.0    0.4   10    8  0.00002  0.00084  0.0  0.0             1          t              True        0.0        inf       1.0           0.0           1.0        1.0         0           0       inf       -inf        inf           0  0.0021  0.00005   0.0   0.0    0.0021   0.00005  213.914611
2                    0.0    0.4   11    8  0.00002  0.00084  0.0  0.0             1          t              True        0.0        inf       1.0           0.0           1.0        1.0         0           0       inf       -inf        inf           0  0.0021  0.00005   0.0   0.0    0.0021   0.00005  187.330391
3                    0.0    0.4   10    9  0.00002  0.00084  0.0  0.0             1          t              True        0.0        inf       1.0           0.0           1.0        1.0         0           0       inf       -inf        inf           0  0.0021  0.00005   0.0   0.0    0.0021   0.00005  234.192713
4                    0.0    0.4   11    9  0.00002  0.00084  0.0  0.0             1          t              True        0.0        inf       1.0           0.0           1.0        1.0         0           0       inf       -inf        inf           0  0.0021  0.00005   0.0   0.0    0.0021   0.00005  207.608493
5                    0.0    0.4   47   26  0.00002  0.00084  0.0  0.0             1          t              True        0.0        inf       1.0           0.0           1.0        1.0         0           0       inf       -inf        inf           0  0.0021  0.00005   0.0   0.0    0.0021   0.00005  191.994115
6                    0.0    0.4   34   32  0.00002  0.00084  0.0  0.0             1          t              True        0.0        inf       1.0           0.0           1.0        1.0         0           0       inf       -inf        inf           0  0.0021  0.00005   0.0   0.0    0.0021   0.00005  186.204699
7                    0.0    0.4   35   32  0.00002  0.00084  0.0  0.0             1          t              True        0.0        inf       1.0           0.0           1.0        1.0         0           0       inf       -inf        inf           0  0.0021  0.00005   0.0   0.0    0.0021   0.00005  161.397546
8                    0.0    0.4   34   33  0.00002  0.00084  0.0  0.0             1          t              True        0.0        inf       1.0           0.0           1.0        1.0         0           0       inf       -inf        inf           0  0.0021  0.00005   0.0   0.0    0.0021   0.00005  211.718112
9                    0.0    0.4   35   33  0.00002  0.00084  0.0  0.0             1          t              True        0.0        inf       1.0           0.0           1.0        1.0         0           0       inf       -inf        inf           0  0.0021  0.00005   0.0   0.0    0.0021   0.00005  186.910960
10                   0.0    0.4   71   50  0.00002  0.00084  0.0  0.0             1          t              True        0.0        inf       1.0           0.0           1.0        1.0         0           0       inf       -inf        inf           0  0.0021  0.00005   0.0   0.0    0.0021   0.00005  231.137215
11                   0.0    0.4   58   56  0.00002  0.00084  0.0  0.0             1          t              True        0.0        inf       1.0           0.0           1.0        1.0         0           0       inf       -inf        inf           0  0.0021  0.00005   0.0   0.0    0.0021   0.00005  213.914611
12                   0.0    0.4   59   56  0.00002  0.00084  0.0  0.0             1          t              True        0.0        inf       1.0           0.0           1.0        1.0         0           0       inf       -inf        inf           0  0.0021  0.00005   0.0   0.0    0.0021   0.00005  187.330391
13                   0.0    0.4   58   57  0.00002  0.00084  0.0  0.0             1          t              True        0.0        inf       1.0           0.0           1.0        1.0         0           0       inf       -inf        inf           0  0.0021  0.00005   0.0   0.0    0.0021   0.00005  234.192713
14                   0.0    0.4   59   57  0.00002  0.00084  0.0  0.0             1          t              True        0.0        inf       1.0           0.0           1.0        1.0         0           0       inf       -inf        inf           0  0.0021  0.00005   0.0   0.0    0.0021   0.00005  207.608493
01:22:46 __main__ INFO 
                bus    g         b  sign  g_pu   b_pu  v_nom
ShuntImpedance                                             
0                5  0.0  0.005251  -1.0   0.0  100.0  138.0
1               29  0.0  0.005251  -1.0   0.0  100.0  138.0
2               53  0.0  0.005251  -1.0   0.0  100.0  138.0
